#
# A fatal error has been detected by the Java Runtime Environment:
#
#  EXCEPTION_ACCESS_VIOLATION (0xc0000005) at pc=0x00007ffff1b2091a, pid=9608, tid=7388
#
# JRE version: Java(TM) SE Runtime Environment (8.0_60-b27) (build 1.8.0_60-b27)
# Java VM: Java HotSpot(TM) 64-Bit Server VM (25.60-b23 mixed mode windows-amd64 compressed oops)
# Problematic frame:
# C  [cgjsapi170_x64.dll+0x1091a]
#
# Failed to write core dump. Minidumps are not enabled by default on client versions of Windows
#
# If you would like to submit a bug report, please visit:
#   http://bugreport.java.com/bugreport/crash.jsp
# The crash happened outside the Java Virtual Machine in native code.
# See problematic frame for where to report the bug.
#

---------------  T H R E A D  ---------------

Current thread (0x0000000016b14000):  JavaThread "Thread-2" [_thread_in_native, id=7388, stack(0x0000000018f00000,0x0000000019000000)]

siginfo: ExceptionCode=0xc0000005, writing address 0x0000000000000020

Registers:
RAX=0x0000000019300080, RBX=0x0000000000000001, RCX=0x0000000000000001, RDX=0x0000000000000020
RSP=0x0000000018ffec10, RBP=0x0000000018ce0b30, RSI=0x0000000018ffecb0, RDI=0x0000000018ce78c0
R8 =0x0000000000000020, R9 =0x0000000000000001, R10=0x00007ff8185115c0, R11=0x0000000000000000
R12=0x0000000000000001, R13=0x0000000018ffec80, R14=0xfffffffffce630ec, R15=0x0000000016b14000
RIP=0x00007ffff1b2091a, EFLAGS=0x0000000000010202

Top of Stack: (sp=0x0000000018ffec10)
0x0000000018ffec10:   0000000018ffed10 00000000193000d0
0x0000000018ffec20:   0000000019300080 00007ffff1b1d07d
0x0000000018ffec30:   fffffffffffffffe 0000000000000000
0x0000000018ffec40:   0000000018ffed30 0000000018cbc868
0x0000000018ffec50:   0000000000000000 00007ffff1b1f4b1
0x0000000018ffec60:   0000000000000000 0000000000000000
0x0000000018ffec70:   0000000018ce78c0 0000000000000000
0x0000000018ffec80:   0000000018ce0b30 0000000000000000
0x0000000018ffec90:   0000000000001330 00000000029f5e34
0x0000000018ffeca0:   0000000018cbc868 0000000018ffed10
0x0000000018ffecb0:   0000000019300080 0000000000000021
0x0000000018ffecc0:   0000000018ffed88 00000000029f5b62
0x0000000018ffecd0:   0000000018ffecd0 0000000018cbc868
0x0000000018ffece0:   0000000018ffed30 0000000019116c50
0x0000000018ffecf0:   0000000000000000 0000000018cbc868
0x0000000018ffed00:   0000000000000000 0000000018ffed30 

Instructions: (pc=0x00007ffff1b2091a)
0x00007ffff1b208fa:   24 60 4d 8b 75 08 4c 2b 35 21 78 03 00 49 c1 fe
0x00007ffff1b2090a:   03 4a 8d 14 f0 49 8b cc 48 85 c9 74 0f 48 8b 06
0x00007ffff1b2091a:   48 89 02 48 ff c9 48 83 c2 08 eb ec 49 8b 55 08
0x00007ffff1b2092a:   4c 8b 05 f7 77 03 00 49 2b d0 48 c1 fa 03 48 85 


Register to memory mapping:

RAX=0x0000000019300080 is an unknown value
RBX=0x0000000000000001 is an unknown value
RCX=0x0000000000000001 is an unknown value
RDX=0x0000000000000020 is an unknown value
RSP=0x0000000018ffec10 is pointing into the stack for thread: 0x0000000016b14000
RBP=0x0000000018ce0b30 is an unknown value
RSI=0x0000000018ffecb0 is pointing into the stack for thread: 0x0000000016b14000
RDI=0x0000000018ce78c0 is an unknown value
R8 =0x0000000000000020 is an unknown value
R9 =0x0000000000000001 is an unknown value
R10=0x00007ff8185115c0 is an unknown value
R11=0x0000000000000000 is an unknown value
R12=0x0000000000000001 is an unknown value
R13=0x0000000018ffec80 is pointing into the stack for thread: 0x0000000016b14000
R14=0xfffffffffce630ec is an unknown value
R15=0x0000000016b14000 is a thread


Stack: [0x0000000018f00000,0x0000000019000000],  sp=0x0000000018ffec10,  free space=1019k
Native frames: (J=compiled Java code, j=interpreted, Vv=VM code, C=native code)
C  [cgjsapi170_x64.dll+0x1091a]
C  [cgjsapi170_x64.dll+0xf4b1]
C  0x00000000029f5e34

Java frames: (J=compiled Java code, j=interpreted, Vv=VM code)
j  com.cloudgarden.speech.CGSynthesizer.create5()I+0
j  com.cloudgarden.speech.CGSynthesizer.d()I+13
j  com.cloudgarden.speech.CGSynthesizer.<init>(Ljavax/speech/EngineModeDesc;)V+177
j  com.cloudgarden.speech.CGSynthesizer.getSynthesizers()I+60
j  com.cloudgarden.speech.CGSynthesizer.getEngineList()Ljavax/speech/EngineList;+16
j  com.cloudgarden.speech.CGEngineCentral.a(Ljavax/speech/synthesis/SynthesizerModeDesc;)Ljavax/speech/EngineList;+3
j  com.cloudgarden.speech.CGEngineCentral.createEngineList(Ljavax/speech/EngineModeDesc;)Ljavax/speech/EngineList;+31
j  javax.speech.Central.availableSynthesizers(Ljavax/speech/EngineModeDesc;)Ljavax/speech/EngineList;+28
j  javax.speech.Central.createSynthesizer(Ljavax/speech/EngineModeDesc;)Ljavax/speech/synthesis/Synthesizer;+1
j  proyectoazul.Metodoboton.run()V+45
j  java.lang.Thread.run()V+11
v  ~StubRoutines::call_stub

---------------  P R O C E S S  ---------------

Java Threads: ( => current thread )
  0x0000000017297800 JavaThread "Thread-7" [_thread_in_native, id=9680, stack(0x0000000019400000,0x0000000019500000)]
  0x0000000016b14800 JavaThread "Thread-3" [_thread_in_native, id=2352, stack(0x0000000019000000,0x0000000019100000)]
=>0x0000000016b14000 JavaThread "Thread-2" [_thread_in_native, id=7388, stack(0x0000000018f00000,0x0000000019000000)]
  0x00000000173c9800 JavaThread "TimerQueue" daemon [_thread_blocked, id=9036, stack(0x0000000018e00000,0x0000000018f00000)]
  0x00000000027de000 JavaThread "DestroyJavaVM" [_thread_blocked, id=2532, stack(0x00000000027e0000,0x00000000028e0000)]
  0x0000000017191000 JavaThread "AWT-EventQueue-0" [_thread_blocked, id=8400, stack(0x0000000018170000,0x0000000018270000)]
  0x00000000170c8000 JavaThread "AWT-Windows" daemon [_thread_in_native, id=4352, stack(0x0000000017aa0000,0x0000000017ba0000)]
  0x00000000170d3800 JavaThread "AWT-Shutdown" [_thread_blocked, id=9572, stack(0x00000000179a0000,0x0000000017aa0000)]
  0x00000000170d3000 JavaThread "Java2D Disposer" daemon [_thread_blocked, id=9372, stack(0x00000000178a0000,0x00000000179a0000)]
  0x0000000016978800 JavaThread "Service Thread" daemon [_thread_blocked, id=9688, stack(0x0000000016d50000,0x0000000016e50000)]
  0x0000000014ff4000 JavaThread "C1 CompilerThread2" daemon [_thread_blocked, id=8408, stack(0x0000000016850000,0x0000000016950000)]
  0x0000000014ff0800 JavaThread "C2 CompilerThread1" daemon [_thread_blocked, id=9968, stack(0x0000000016750000,0x0000000016850000)]
  0x0000000014fed800 JavaThread "C2 CompilerThread0" daemon [_thread_blocked, id=6640, stack(0x0000000016650000,0x0000000016750000)]
  0x0000000014fec800 JavaThread "Attach Listener" daemon [_thread_blocked, id=6188, stack(0x0000000016550000,0x0000000016650000)]
  0x0000000014feb000 JavaThread "Signal Dispatcher" daemon [_thread_blocked, id=10024, stack(0x0000000016450000,0x0000000016550000)]
  0x00000000029d8800 JavaThread "Finalizer" daemon [_thread_blocked, id=6376, stack(0x0000000016240000,0x0000000016340000)]
  0x0000000014fb8800 JavaThread "Reference Handler" daemon [_thread_blocked, id=5300, stack(0x0000000016140000,0x0000000016240000)]

Other Threads:
  0x0000000014fb7000 VMThread [stack: 0x0000000016040000,0x0000000016140000] [id=1612]
  0x0000000016993000 WatcherThread [stack: 0x0000000016e50000,0x0000000016f50000] [id=6032]

VM state:not at safepoint (normal execution)

VM Mutex/Monitor currently owned by a thread: None

Heap:
 PSYoungGen      total 18944K, used 5161K [0x00000000eb180000, 0x00000000ec680000, 0x0000000100000000)
  eden space 16384K, 16% used [0x00000000eb180000,0x00000000eb412688,0x00000000ec180000)
  from space 2560K, 98% used [0x00000000ec180000,0x00000000ec3f8020,0x00000000ec400000)
  to   space 2560K, 0% used [0x00000000ec400000,0x00000000ec400000,0x00000000ec680000)
 ParOldGen       total 44032K, used 3861K [0x00000000c1400000, 0x00000000c3f00000, 0x00000000eb180000)
  object space 44032K, 8% used [0x00000000c1400000,0x00000000c17c5630,0x00000000c3f00000)
 Metaspace       used 11737K, capacity 11930K, committed 12160K, reserved 1060864K
  class space    used 1456K, capacity 1543K, committed 1664K, reserved 1048576K

Card table byte_map: [0x0000000011da0000,0x0000000011fa0000] byte_map_base: 0x0000000011796000

Marking Bits: (ParMarkBitMap*) 0x00000000657ca5b0
 Begin Bits: [0x00000000124f0000, 0x00000000134a0000)
 End Bits:   [0x00000000134a0000, 0x0000000014450000)

Polling page: 0x0000000000a80000

CodeCache: size=245760Kb used=3165Kb max_used=3178Kb free=242594Kb
 bounds [0x00000000029e0000, 0x0000000002d00000, 0x00000000119e0000]
 total_blobs=1436 nmethods=948 adapters=401
 compilation: enabled

Compilation events (10 events):
Event: 10.489 Thread 0x0000000014ff4000  937       3       java.nio.DirectLongBufferU::get (16 bytes)
Event: 10.489 Thread 0x0000000014ff4000 nmethod 937 0x0000000002cf1150 code [0x0000000002cf12c0, 0x0000000002cf1530]
Event: 10.490 Thread 0x0000000014ff4000  938       3       java.util.zip.Inflater::ensureOpen (47 bytes)
Event: 10.490 Thread 0x0000000014ff4000 nmethod 938 0x0000000002cf1650 code [0x0000000002cf17c0, 0x0000000002cf1aa8]
Event: 10.492 Thread 0x0000000014ff4000  940  s    3       sun.misc.PerfCounter::add (18 bytes)
Event: 10.492 Thread 0x0000000014ff4000 nmethod 940 0x0000000002cf1f90 code [0x0000000002cf2120, 0x0000000002cf2778]
Event: 10.492 Thread 0x0000000014ff4000  941  s    3       sun.misc.PerfCounter::get (9 bytes)
Event: 10.493 Thread 0x0000000014ff4000 nmethod 941 0x0000000002cf29d0 code [0x0000000002cf2b40, 0x0000000002cf2ec8]
Event: 10.493 Thread 0x0000000014ff4000  942       1       java.security.CodeSource::getLocation (5 bytes)
Event: 10.493 Thread 0x0000000014ff4000 nmethod 942 0x0000000002cf2fd0 code [0x0000000002cf3120, 0x0000000002cf3230]

GC Heap History (2 events):
Event: 8.801 GC heap before
{Heap before GC invocations=1 (full 0):
 PSYoungGen      total 18944K, used 16384K [0x00000000eb180000, 0x00000000ec680000, 0x0000000100000000)
  eden space 16384K, 100% used [0x00000000eb180000,0x00000000ec180000,0x00000000ec180000)
  from space 2560K, 0% used [0x00000000ec400000,0x00000000ec400000,0x00000000ec680000)
  to   space 2560K, 0% used [0x00000000ec180000,0x00000000ec180000,0x00000000ec400000)
 ParOldGen       total 44032K, used 0K [0x00000000c1400000, 0x00000000c3f00000, 0x00000000eb180000)
  object space 44032K, 0% used [0x00000000c1400000,0x00000000c1400000,0x00000000c3f00000)
 Metaspace       used 11345K, capacity 11546K, committed 11776K, reserved 1058816K
  class space    used 1404K, capacity 1479K, committed 1536K, reserved 1048576K
Event: 8.812 GC heap after
Heap after GC invocations=1 (full 0):
 PSYoungGen      total 18944K, used 2528K [0x00000000eb180000, 0x00000000ec680000, 0x0000000100000000)
  eden space 16384K, 0% used [0x00000000eb180000,0x00000000eb180000,0x00000000ec180000)
  from space 2560K, 98% used [0x00000000ec180000,0x00000000ec3f8020,0x00000000ec400000)
  to   space 2560K, 0% used [0x00000000ec400000,0x00000000ec400000,0x00000000ec680000)
 ParOldGen       total 44032K, used 3861K [0x00000000c1400000, 0x00000000c3f00000, 0x00000000eb180000)
  object space 44032K, 8% used [0x00000000c1400000,0x00000000c17c5630,0x00000000c3f00000)
 Metaspace       used 11345K, capacity 11546K, committed 11776K, reserved 1058816K
  class space    used 1404K, capacity 1479K, committed 1536K, reserved 1048576K
}

Deoptimization events (4 events):
Event: 2.430 Thread 0x0000000017191000 Uncommon trap: reason=class_check action=maybe_recompile pc=0x0000000002b558e8 method=java.lang.String.equals(Ljava/lang/Object;)Z @ 8
Event: 2.431 Thread 0x0000000017191000 Uncommon trap: reason=class_check action=maybe_recompile pc=0x0000000002b558e8 method=java.lang.String.equals(Ljava/lang/Object;)Z @ 8
Event: 2.771 Thread 0x0000000017191000 Uncommon trap: reason=class_check action=maybe_recompile pc=0x0000000002b558e8 method=java.lang.String.equals(Ljava/lang/Object;)Z @ 8
Event: 2.771 Thread 0x0000000017191000 Uncommon trap: reason=class_check action=maybe_recompile pc=0x0000000002b558e8 method=java.lang.String.equals(Ljava/lang/Object;)Z @ 8

Internal exceptions (10 events):
Event: 0.033 Thread 0x00000000027de000 Exception <a 'java/lang/NoSuchMethodError': Method sun.misc.Unsafe.defineClass(Ljava/lang/String;[BII)Ljava/lang/Class; name or signature does not match> (0x00000000eb18de68) thrown at [C:\re\workspace\8-2-build-windows-amd64-cygwin\jdk8u60\4407\hotspot\sraC´9 ¡?
Event: 0.033 Thread 0x00000000027de000 Exception <a 'java/lang/NoSuchMethodError': Method sun.misc.Unsafe.prefetchRead(Ljava/lang/Object;J)V name or signature does not match> (0x00000000eb18e150) thrown at [C:\re\workspace\8-2-build-windows-amd64-cygwin\jdk8u60\4407\hotspot\src\share\vm\prims\jÊh³$B>¼?
Event: 0.110 Thread 0x00000000027de000 Exception <a 'java/security/PrivilegedActionException'> (0x00000000eb335270) thrown at [C:\re\workspace\8-2-build-windows-amd64-cygwin\jdk8u60\4407\hotspot\src\share\vm\prims\jvm.cpp, line 1386]
Event: 0.110 Thread 0x00000000027de000 Exception <a 'java/security/PrivilegedActionException'> (0x00000000eb335480) thrown at [C:\re\workspace\8-2-build-windows-amd64-cygwin\jdk8u60\4407\hotspot\src\share\vm\prims\jvm.cpp, line 1386]
Event: 0.111 Thread 0x00000000027de000 Exception <a 'java/security/PrivilegedActionException'> (0x00000000eb3396e8) thrown at [C:\re\workspace\8-2-build-windows-amd64-cygwin\jdk8u60\4407\hotspot\src\share\vm\prims\jvm.cpp, line 1386]
Event: 0.111 Thread 0x00000000027de000 Exception <a 'java/security/PrivilegedActionException'> (0x00000000eb3398f8) thrown at [C:\re\workspace\8-2-build-windows-amd64-cygwin\jdk8u60\4407\hotspot\src\share\vm\prims\jvm.cpp, line 1386]
Event: 0.117 Thread 0x00000000027de000 Exception <a 'java/io/FileNotFoundException'> (0x00000000eb341ad0) thrown at [C:\re\workspace\8-2-build-windows-amd64-cygwin\jdk8u60\4407\hotspot\src\share\vm\prims\jni.cpp, line 709]
Event: 0.161 Thread 0x00000000027de000 Exception <a 'java/lang/NoSuchFieldError': method resolution failed> (0x00000000eb40f208) thrown at [C:\re\workspace\8-2-build-windows-amd64-cygwin\jdk8u60\4407\hotspot\src\share\vm\prims\methodHandles.cpp, line 1146]
Event: 0.163 Thread 0x00000000027de000 Exception <a 'java/lang/NoSuchFieldError': method resolution failed> (0x00000000eb41c558) thrown at [C:\re\workspace\8-2-build-windows-amd64-cygwin\jdk8u60\4407\hotspot\src\share\vm\prims\methodHandles.cpp, line 1146]
Event: 0.203 Thread 0x00000000027de000 Exception <a 'java/io/FileNotFoundException'> (0x00000000eb4b3728) thrown at [C:\re\workspace\8-2-build-windows-amd64-cygwin\jdk8u60\4407\hotspot\src\share\vm\prims\jni.cpp, line 709]

Events (10 events):
Event: 10.493 loading class com/cloudgarden/speech/CGSynthesizerProperties done
Event: 10.493 Executing VM operation: RevokeBias done
Event: 10.493 Executing VM operation: RevokeBias
Event: 10.493 Executing VM operation: RevokeBias done
Event: 10.493 loading class javax/speech/synthesis/SynthesizerProperties
Event: 10.493 loading class javax/speech/synthesis/SynthesizerProperties done
Event: 10.493 loading class com/cloudgarden/speech/CGEngineProperties
Event: 10.493 loading class com/cloudgarden/speech/CGEngineProperties done
Event: 10.494 loading class com/cloudgarden/speech/UIWindow
Event: 10.494 loading class com/cloudgarden/speech/UIWindow done


Dynamic libraries:
0x00007ff641a50000 - 0x00007ff641a87000 	E:\Archivos de Programa\jdk1.8.0_60\bin\java.exe
0x00007ff818400000 - 0x00007ff8185d1000 	C:\WINDOWS\SYSTEM32\ntdll.dll
0x00007ff815fc0000 - 0x00007ff81606b000 	C:\WINDOWS\System32\KERNEL32.DLL
0x00007ff815190000 - 0x00007ff8153ad000 	C:\WINDOWS\System32\KERNELBASE.dll
0x00007ff818260000 - 0x00007ff818302000 	C:\WINDOWS\System32\ADVAPI32.dll
0x00007ff8160d0000 - 0x00007ff81616e000 	C:\WINDOWS\System32\msvcrt.dll
0x00007ff816070000 - 0x00007ff8160c9000 	C:\WINDOWS\System32\sechost.dll
0x00007ff816600000 - 0x00007ff816721000 	C:\WINDOWS\System32\RPCRT4.dll
0x00007ff8162b0000 - 0x00007ff816415000 	C:\WINDOWS\System32\USER32.dll
0x00007ff815610000 - 0x00007ff81562e000 	C:\WINDOWS\System32\win32u.dll
0x00007ff8165c0000 - 0x00007ff8165f4000 	C:\WINDOWS\System32\GDI32.dll
0x00007ff815630000 - 0x00007ff8157b2000 	C:\WINDOWS\System32\gdi32full.dll
0x00007ff806890000 - 0x00007ff806b09000 	C:\WINDOWS\WinSxS\amd64_microsoft.windows.common-controls_6595b64144ccf1df_6.0.14393.447_none_42191651c6827bb3\COMCTL32.dll
0x00007ff815cd0000 - 0x00007ff815f97000 	C:\WINDOWS\System32\combase.dll
0x00007ff815460000 - 0x00007ff815555000 	C:\WINDOWS\System32\ucrtbase.dll
0x00007ff815120000 - 0x00007ff81518a000 	C:\WINDOWS\System32\bcryptPrimitives.dll
0x00007ff8183d0000 - 0x00007ff8183fe000 	C:\WINDOWS\System32\IMM32.DLL
0x0000000064ee0000 - 0x0000000064fb2000 	E:\Archivos de Programa\jdk1.8.0_60\jre\bin\msvcr100.dll
0x0000000064fc0000 - 0x0000000065849000 	E:\Archivos de Programa\jdk1.8.0_60\jre\bin\server\jvm.dll
0x00007ff818250000 - 0x00007ff818258000 	C:\WINDOWS\System32\PSAPI.DLL
0x00007ff8088b0000 - 0x00007ff8088ba000 	C:\WINDOWS\SYSTEM32\VERSION.dll
0x00007ff811c50000 - 0x00007ff811c59000 	C:\WINDOWS\SYSTEM32\WSOCK32.dll
0x00007ff812a60000 - 0x00007ff812a83000 	C:\WINDOWS\SYSTEM32\WINMM.dll
0x00007ff816840000 - 0x00007ff8168aa000 	C:\WINDOWS\System32\WS2_32.dll
0x0000000000ea0000 - 0x0000000000ecb000 	C:\WINDOWS\SYSTEM32\WINMMBASE.dll
0x00007ff8149f0000 - 0x00007ff814a32000 	C:\WINDOWS\System32\cfgmgr32.dll
0x0000000064e90000 - 0x0000000064e9f000 	E:\Archivos de Programa\jdk1.8.0_60\jre\bin\verify.dll
0x0000000064e60000 - 0x0000000064e89000 	E:\Archivos de Programa\jdk1.8.0_60\jre\bin\java.dll
0x0000000064e40000 - 0x0000000064e56000 	E:\Archivos de Programa\jdk1.8.0_60\jre\bin\zip.dll
0x00007ff8168b0000 - 0x00007ff817db9000 	C:\WINDOWS\System32\SHELL32.dll
0x00007ff814a40000 - 0x00007ff81511a000 	C:\WINDOWS\System32\windows.storage.dll
0x00007ff814890000 - 0x00007ff8148dc000 	C:\WINDOWS\System32\powrprof.dll
0x00007ff818310000 - 0x00007ff818362000 	C:\WINDOWS\System32\shlwapi.dll
0x00007ff8148e0000 - 0x00007ff8148ef000 	C:\WINDOWS\System32\kernel.appcore.dll
0x00007ff8153b0000 - 0x00007ff815459000 	C:\WINDOWS\System32\shcore.dll
0x00007ff814870000 - 0x00007ff814884000 	C:\WINDOWS\System32\profapi.dll
0x0000000064c60000 - 0x0000000064df8000 	E:\Archivos de Programa\jdk1.8.0_60\jre\bin\awt.dll
0x00007ff816170000 - 0x00007ff81622f000 	C:\WINDOWS\System32\OLEAUT32.dll
0x00007ff8148f0000 - 0x00007ff81498c000 	C:\WINDOWS\System32\msvcp_win.dll
0x00007ff812c50000 - 0x00007ff812cca000 	C:\WINDOWS\SYSTEM32\apphelp.dll
0x00007ff811fc0000 - 0x00007ff811fe6000 	C:\WINDOWS\system32\DWMAPI.DLL
0x00007ff812ff0000 - 0x00007ff813085000 	C:\WINDOWS\system32\uxtheme.dll
0x00007ff815b70000 - 0x00007ff815ccb000 	C:\WINDOWS\System32\MSCTF.dll
0x00007ff815a30000 - 0x00007ff815b67000 	C:\WINDOWS\System32\ole32.dll
0x00007ff80e9b0000 - 0x00007ff80ebdd000 	C:\Program Files\Acer\Acer Power Management\SysHook.dll
0x00007ff816740000 - 0x00007ff81683a000 	C:\WINDOWS\System32\COMDLG32.dll
0x00007ff812b40000 - 0x00007ff812b47000 	C:\WINDOWS\SYSTEM32\MSIMG32.dll
0x00007ff80fe50000 - 0x00007ff80fed5000 	C:\WINDOWS\SYSTEM32\WINSPOOL.DRV
0x00007ff8114f0000 - 0x00007ff811555000 	C:\WINDOWS\SYSTEM32\OLEACC.dll
0x00007ff8046c0000 - 0x00007ff80485a000 	C:\WINDOWS\WinSxS\amd64_microsoft.windows.gdiplus_6595b64144ccf1df_1.1.14393.321_none_72fe05dd211a5fae\gdiplus.dll
0x00007ff8147a0000 - 0x00007ff8147cb000 	C:\WINDOWS\SYSTEM32\bcrypt.dll
0x0000000064c10000 - 0x0000000064c57000 	E:\Archivos de Programa\jdk1.8.0_60\jre\bin\fontmanager.dll
0x00007ff815990000 - 0x00007ff815a2f000 	C:\WINDOWS\System32\clbcatq.dll
0x00007ff810860000 - 0x00007ff810a08000 	C:\WINDOWS\SYSTEM32\WindowsCodecs.dll
0x00007ff8104c0000 - 0x00007ff810509000 	C:\WINDOWS\system32\dataexchange.dll
0x00007ff812460000 - 0x00007ff8125b1000 	C:\WINDOWS\system32\dcomp.dll
0x00007ff811660000 - 0x00007ff811916000 	C:\WINDOWS\system32\d3d11.dll
0x00007ff8138a0000 - 0x00007ff81393f000 	C:\WINDOWS\system32\dxgi.dll
0x00007ff813320000 - 0x00007ff81343c000 	C:\WINDOWS\system32\twinapi.appcore.dll
0x0000000064e20000 - 0x0000000064e3a000 	E:\Archivos de Programa\jdk1.8.0_60\jre\bin\net.dll
0x00007ff814060000 - 0x00007ff8140bc000 	C:\WINDOWS\system32\mswsock.dll
0x0000000064e00000 - 0x0000000064e11000 	E:\Archivos de Programa\jdk1.8.0_60\jre\bin\nio.dll
0x0000000064bc0000 - 0x0000000064c02000 	E:\Archivos de Programa\jdk1.8.0_60\jre\bin\t2k.dll
0x0000000065c90000 - 0x0000000065cc1000 	E:\Archivos de Programa\jdk1.8.0_60\jre\bin\jpeg.dll
0x00007ffff1b10000 - 0x00007ffff1b5e000 	C:\Program Files\Java\jre1.8.0_60\bin\cgjsapi170_x64.dll
0x00007fffe6c80000 - 0x00007fffe6e01000 	C:\WINDOWS\System32\Speech\Common\sapi.dll
0x00007ff814990000 - 0x00007ff8149e5000 	C:\WINDOWS\System32\WINTRUST.dll
0x00007ff814860000 - 0x00007ff814870000 	C:\WINDOWS\System32\MSASN1.dll
0x00007ff8157c0000 - 0x00007ff815989000 	C:\WINDOWS\System32\CRYPT32.dll
0x00007ff808a80000 - 0x00007ff808a9c000 	C:\WINDOWS\SYSTEM32\MSACM32.dll
0x00007ff80a810000 - 0x00007ff80a81a000 	C:\WINDOWS\SYSTEM32\msdmo.dll
0x00007ff80b070000 - 0x00007ff80b202000 	C:\WINDOWS\SYSTEM32\dbghelp.dll
0x00007ff80b390000 - 0x00007ff80b401000 	C:\WINDOWS\System32\MMDevApi.dll
0x00007ff811c90000 - 0x00007ff811e15000 	C:\WINDOWS\System32\PROPSYS.dll
0x00007ff8132f0000 - 0x00007ff813318000 	C:\WINDOWS\System32\DEVOBJ.dll
0x00007fffe2b40000 - 0x00007fffe2d0f000 	C:\Windows\System32\speech_onecore\engines\tts\MSTTSEngine_OneCore.dll
0x00007ff8131f0000 - 0x00007ff813281000 	C:\WINDOWS\SYSTEM32\msvcp110_win.dll
0x00007ffff5c90000 - 0x00007ffff5f87000 	C:\WINDOWS\System32\Speech_OneCore\Common\sapi_onecore.dll
0x00007ff8144d0000 - 0x00007ff8144fc000 	C:\WINDOWS\SYSTEM32\SspiCli.dll
0x00007ff811590000 - 0x00007ff81165d000 	C:\WINDOWS\SYSTEM32\WINHTTP.dll
0x00007ff8070e0000 - 0x00007ff8072a2000 	C:\WINDOWS\SYSTEM32\urlmon.dll
0x00007ff8142d0000 - 0x00007ff8142e7000 	C:\WINDOWS\SYSTEM32\cryptsp.dll
0x00007ff80d340000 - 0x00007ff80d5e3000 	C:\WINDOWS\SYSTEM32\iertutil.dll
0x00007ff8141e0000 - 0x00007ff814213000 	C:\WINDOWS\system32\rsaenh.dll
0x00007ff8142f0000 - 0x00007ff8142fb000 	C:\WINDOWS\SYSTEM32\CRYPTBASE.dll
0x00007ff8096d0000 - 0x00007ff80972e000 	C:\Windows\System32\Windows.ApplicationModel.dll
0x00007fffeb460000 - 0x00007fffeb503000 	C:\Windows\System32\speech_onecore\engines\tts\MSTTSLoc_OneCore.DLL

VM Arguments:
jvm_args: -Dfile.encoding=UTF-8 
java_command: proyectoazul.ProyectoAzul
java_class_path (initial): C:\Program Files\Java\jre1.8.0_60\lib\cgjsapi.jar;C:\Program Files\Java\jre1.8.0_60\lib\talkingjava\cgjsapi.jar;E:\Documentos\Desktop\MP3seth\lib\basicplayer3.0.jar;E:\Documentos\Desktop\MP3seth\lib\commons-logging-api.jar;E:\Documentos\Desktop\MP3seth\lib\jflac-1.2.jar;E:\Documentos\Desktop\MP3seth\lib\jl1.0.jar;E:\Documentos\Desktop\MP3seth\lib\jmactritonusspi1.74.jar;E:\Documentos\Desktop\MP3seth\lib\jml-1.0b4.jar;E:\Documentos\Desktop\MP3seth\lib\jogg-0.0.7.jar;E:\Documentos\Desktop\MP3seth\lib\jorbis-0.0.15.jar;E:\Documentos\Desktop\MP3seth\lib\jspeex0.9.7.jar;E:\Documentos\Desktop\MP3seth\lib\kj_dsp1.1.jar;E:\Documentos\Desktop\MP3seth\lib\mp3spi1.9.4.jar;E:\Documentos\Desktop\MP3seth\lib\substance.jar;E:\Documentos\Desktop\MP3seth\lib\tritonus_share.jar;E:\Documentos\Desktop\MP3seth\lib\vorbisspi1.0.2.jar;E:\Documentos\Desktop\MP3seth\MP3seth.jar;E:\Documentos\Mis Documentos\NetBeansProjects\ProyectoAzul\build\classes
Launcher Type: SUN_STANDARD

Environment Variables:
PATH=E:\app\oracle\product\11.2.0\server\bin;C:\ProgramData\Oracle\Java\javapath;C:\Program Files (x86)\Intel\iCLS Client\;C:\Program Files\Intel\iCLS Client\;C:\Windows\system32;C:\Windows;C:\Windows\System32\Wbem;C:\Windows\System32\WindowsPowerShell\v1.0\;C:\Program Files (x86)\Acer\abFiles\;C:\Program Files\Intel\Intel(R) Management Engine Components\DAL;C:\Program Files (x86)\Intel\Intel(R) Management Engine Components\DAL;C:\Program Files\Intel\Intel(R) Management Engine Components\IPT;C:\Program Files (x86)\Intel\Intel(R) Management Engine Components\IPT;C:\Program Files\Intel\WiFi\bin\;C:\Program Files\Common Files\Intel\WirelessCommon\;C:\WINDOWS\system32;C:\WINDOWS;C:\WINDOWS\System32\Wbem;C:\WINDOWS\System32\WindowsPowerShell\v1.0\;C:\Program Files (x86)\GtkSharp\2.12\bin;C:\Program Files\Java\jre1.8.0_60\bin;C:\Program Files (x86)\Java\jre6\bin;C:\Program Files\Java\jdk1.7.0_01\bin;C:\Users\Gabriel Olivares Arm\AppData\Local\Microsoft\WindowsApps;
USERNAME=Gabriel Olivares Arm
OS=Windows_NT
PROCESSOR_IDENTIFIER=Intel64 Family 6 Model 61 Stepping 4, GenuineIntel



---------------  S Y S T E M  ---------------

OS: Windows 10.0 , 64 bit Build 14393 (10.0.14393.0)

CPU:total 4 (2 cores per cpu, 2 threads per core) family 6 model 61 stepping 4, cmov, cx8, fxsr, mmx, sse, sse2, sse3, ssse3, sse4.1, sse4.2, popcnt, avx, avx2, aes, clmul, erms, 3dnowpref, lzcnt, ht, tsc, tscinvbit, bmi1, bmi2, adx

Memory: 4k page, physical 4106576k(1506460k free), swap 7383376k(4037444k free)

vm_info: Java HotSpot(TM) 64-Bit Server VM (25.60-b23) for windows-amd64 JRE (1.8.0_60-b27), built on Aug  4 2015 11:06:27 by "java_re" with MS VC++ 10.0 (VS2010)

time: Fri Nov 11 18:31:23 2016
elapsed time: 10 seconds (0d 0h 0m 10s)

